<?xml version="1.0" encoding="UTF-8"?>
<!-- Generated by org.testng.reporters.JUnitReportReporter -->
<testsuite hostname="dac-23" failures="0" tests="1" name="com.cdac.acts.AppTest" time="31.856" errors="0" timestamp="2024-12-12T20:08:16 IST" skipped="0">
  <testcase classname="com.cdac.acts.AppTest" name="test" time="31.856"/>
</testsuite> <!-- com.cdac.acts.AppTest -->
